-------------------------------------------------------------------------------------------------------------------------------------------
      name:  <unnamed>
       log:  C:\Users\Daniel Sanchez\OneDrive\Documentos\personal\docs\research\covid-vaccine\scvs_letter_stata\scvs_log_1.log
  log type:  text
 opened on:   3 Apr 2022, 12:18:52

. 
. * Create  a factor for the provinces
. 
. encode province, gen (prov)

. 
. * Test regression
. 
. reg buss i.prov

      Source |       SS           df       MS      Number of obs   =       576
-------------+----------------------------------   F(23, 552)      =    150.40
       Model |  6254644.67        23  271941.072   Prob > F        =    0.0000
    Residual |  998070.333       552  1808.09843   R-squared       =    0.8624
-------------+----------------------------------   Adj R-squared   =    0.8567
       Total |     7252715       575  12613.4174   Root MSE        =    42.522

-------------------------------------------------------------------------------------------------
                           buss |      Coef.   Std. Err.      t    P>|t|     [95% Conf. Interval]
--------------------------------+----------------------------------------------------------------
                           prov |
                       BOLIVAR  |  -63.91667   12.27497    -5.21   0.000    -88.02803    -39.8053
                        CARCHI  |  -63.70833   12.27497    -5.19   0.000     -87.8197   -39.59697
                         CAÑAR  |    -60.625   12.27497    -4.94   0.000    -84.73636   -36.51364
                    CHIMBORAZO  |  -51.04167   12.27497    -4.16   0.000    -75.15303    -26.9303
                      COTOPAXI  |     -53.25   12.27497    -4.34   0.000    -77.36136   -29.13864
                        EL ORO  |  -26.91667   12.27497    -2.19   0.029    -51.02803   -2.805302
                    ESMERALDAS  |  -55.70833   12.27497    -4.54   0.000     -79.8197   -31.59697
                     GALAPAGOS  |  -59.70833   12.27497    -4.86   0.000     -83.8197   -35.59697
                        GUAYAS  |   327.7083   12.27497    26.70   0.000      303.597    351.8197
                      IMBABURA  |  -49.33333   12.27497    -4.02   0.000     -73.4447   -25.22197
                          LOJA  |     -48.25   12.27497    -3.93   0.000    -72.36136   -24.13864
                      LOS RIOS  |  -47.41667   12.27497    -3.86   0.000    -71.52803    -23.3053
                        MANABI  |     -16.25   12.27497    -1.32   0.186    -40.36136    7.861364
               MORONA SANTIAGO  |  -59.54167   12.27497    -4.85   0.000    -83.65303    -35.4303
                          NAPO  |    -63.375   12.27497    -5.16   0.000    -87.48636   -39.26364
                      ORELLANA  |    -58.625   12.27497    -4.78   0.000    -82.73636   -34.51364
                       PASTAZA  |  -63.54167   12.27497    -5.18   0.000    -87.65303    -39.4303
                     PICHINCHA  |   317.9167   12.27497    25.90   0.000     293.8053     342.028
                   SANTA ELENA  |      -54.5   12.27497    -4.44   0.000    -78.61136   -30.38864
SANTO DOMINGO DE LOS TSACHILAS  |  -48.83333   12.27497    -3.98   0.000     -72.9447   -24.72197
                     SUCUMBIOS  |  -59.66667   12.27497    -4.86   0.000    -83.77803    -35.5553
                    TUNGURAHUA  |  -43.95833   12.27497    -3.58   0.000     -68.0697   -19.84697
              ZAMORA CHINCHIPE  |  -55.45833   12.27497    -4.52   0.000     -79.5697   -31.34697
                                |
                          _cons |   66.54167   8.679714     7.67   0.000     49.49236    83.59098
-------------------------------------------------------------------------------------------------

. 
. * Show the error
. 
. reg buss i.prov post antivax
note: antivax omitted because of collinearity

      Source |       SS           df       MS      Number of obs   =       576
-------------+----------------------------------   F(24, 551)      =    146.93
       Model |  6272584.72        24  261357.697   Prob > F        =    0.0000
    Residual |  980130.283       551  1778.82084   R-squared       =    0.8649
-------------+----------------------------------   Adj R-squared   =    0.8590
       Total |     7252715       575  12613.4174   Root MSE        =    42.176

-------------------------------------------------------------------------------------------------
                           buss |      Coef.   Std. Err.      t    P>|t|     [95% Conf. Interval]
--------------------------------+----------------------------------------------------------------
                           prov |
                       BOLIVAR  |  -63.91667   12.17518    -5.25   0.000    -87.83212   -40.00122
                        CARCHI  |  -63.70833   12.17518    -5.23   0.000    -87.62378   -39.79288
                         CAÑAR  |    -60.625   12.17518    -4.98   0.000    -84.54045   -36.70955
                    CHIMBORAZO  |  -51.04167   12.17518    -4.19   0.000    -74.95712   -27.12622
                      COTOPAXI  |     -53.25   12.17518    -4.37   0.000    -77.16545   -29.33455
                        EL ORO  |  -26.91667   12.17518    -2.21   0.027    -50.83212   -3.001215
                    ESMERALDAS  |  -55.70833   12.17518    -4.58   0.000    -79.62378   -31.79288
                     GALAPAGOS  |  -59.70833   12.17518    -4.90   0.000    -83.62378   -35.79288
                        GUAYAS  |   327.7083   12.17518    26.92   0.000     303.7929    351.6238
                      IMBABURA  |  -49.33333   12.17518    -4.05   0.000    -73.24878   -25.41788
                          LOJA  |     -48.25   12.17518    -3.96   0.000    -72.16545   -24.33455
                      LOS RIOS  |  -47.41667   12.17518    -3.89   0.000    -71.33212   -23.50122
                        MANABI  |     -16.25   12.17518    -1.33   0.183    -40.16545    7.665452
               MORONA SANTIAGO  |  -59.54167   12.17518    -4.89   0.000    -83.45712   -35.62622
                          NAPO  |    -63.375   12.17518    -5.21   0.000    -87.29045   -39.45955
                      ORELLANA  |    -58.625   12.17518    -4.82   0.000    -82.54045   -34.70955
                       PASTAZA  |  -63.54167   12.17518    -5.22   0.000    -87.45712   -39.62622
                     PICHINCHA  |   317.9167   12.17518    26.11   0.000     294.0012    341.8321
                   SANTA ELENA  |      -54.5   12.17518    -4.48   0.000    -78.41545   -30.58455
SANTO DOMINGO DE LOS TSACHILAS  |  -48.83333   12.17518    -4.01   0.000    -72.74878   -24.91788
                     SUCUMBIOS  |  -59.66667   12.17518    -4.90   0.000    -83.58212   -35.75122
                    TUNGURAHUA  |  -43.95833   12.17518    -3.61   0.000    -67.87378   -20.04288
              ZAMORA CHINCHIPE  |  -55.45833   12.17518    -4.56   0.000    -79.37378   -31.54288
                                |
                           post |     14.975   4.715428     3.18   0.002     5.712585    24.23741
                        antivax |          0  (omitted)
                          _cons |   64.04583   8.644951     7.41   0.000     47.06474    81.02693
-------------------------------------------------------------------------------------------------

. 
. 
. * Turn off the log
. log close 
      name:  <unnamed>
       log:  C:\Users\Daniel Sanchez\OneDrive\Documentos\personal\docs\research\covid-vaccine\scvs_letter_stata\scvs_log_1.log
  log type:  text
 closed on:   3 Apr 2022, 12:18:52
-------------------------------------------------------------------------------------------------------------------------------------------
